# JRE version: Java(TM) SE Runtime Environment (8.0_391) (build 1.8.0_391-b13)
# Java VM: Java HotSpot(TM) 64-Bit Server VM (25.391-b13 mixed mode windows-amd64 compressed oops)
Heap:
 PSYoungGen      total 327680K, used 9355K [0x00000000eab00000, 0x0000000100000000, 0x0000000100000000)
  eden space 306176K, 3% used [0x00000000eab00000,0x00000000eb422c10,0x00000000fd600000)
  from space 21504K, 0% used [0x00000000feb00000,0x00000000feb00000,0x0000000100000000)
  to   space 21504K, 0% used [0x00000000fd600000,0x00000000fd600000,0x00000000feb00000)
 ParOldGen       total 349696K, used 331171K [0x00000000c0000000, 0x00000000d5580000, 0x00000000eab00000)
  object space 349696K, 94% used [0x00000000c0000000,0x00000000d4368f50,0x00000000d5580000)
 Metaspace       used 7139K, capacity 7386K, committed 7680K, reserved 1056768K
  class space    used 785K, capacity 911K, committed 1024K, reserved 1048576K
GC Heap History (10 events):
Event: 8.752 GC heap before
{Heap before GC invocations=56 (full 26):
 PSYoungGen      total 327680K, used 2719K [0x00000000eab00000, 0x0000000100000000, 0x0000000100000000)
  eden space 306176K, 0% used [0x00000000eab00000,0x00000000eab00000,0x00000000fd600000)
  from space 21504K, 12% used [0x00000000feb00000,0x00000000feda7f40,0x0000000100000000)
  to   space 21504K, 0% used [0x00000000fd600000,0x00000000fd600000,0x00000000feb00000)
 ParOldGen       total 349696K, used 328697K [0x00000000c0000000, 0x00000000d5580000, 0x00000000eab00000)
  object space 349696K, 93% used [0x00000000c0000000,0x00000000d40fe790,0x00000000d5580000)
 Metaspace       used 6775K, capacity 7034K, committed 7296K, reserved 1056768K
  class space    used 760K, capacity 879K, committed 896K, reserved 1048576K
Event: 9.245 GC heap after
Heap after GC invocations=56 (full 26):
 PSYoungGen      total 327680K, used 0K [0x00000000eab00000, 0x0000000100000000, 0x0000000100000000)
  eden space 306176K, 0% used [0x00000000eab00000,0x00000000eab00000,0x00000000fd600000)
  from space 21504K, 0% used [0x00000000feb00000,0x00000000feb00000,0x0000000100000000)
  to   space 21504K, 0% used [0x00000000fd600000,0x00000000fd600000,0x00000000feb00000)
 ParOldGen       total 349696K, used 331263K [0x00000000c0000000, 0x00000000d5580000, 0x00000000eab00000)
  object space 349696K, 94% used [0x00000000c0000000,0x00000000d437fed0,0x00000000d5580000)
 Metaspace       used 6775K, capacity 7034K, committed 7296K, reserved 1056768K
  class space    used 760K, capacity 879K, committed 896K, reserved 1048576K
}
Event: 9.319 GC heap before
{Heap before GC invocations=57 (full 26):
 PSYoungGen      total 327680K, used 7364K [0x00000000eab00000, 0x0000000100000000, 0x0000000100000000)
  eden space 306176K, 2% used [0x00000000eab00000,0x00000000eb2313b8,0x00000000fd600000)
  from space 21504K, 0% used [0x00000000feb00000,0x00000000feb00000,0x0000000100000000)
  to   space 21504K, 0% used [0x00000000fd600000,0x00000000fd600000,0x00000000feb00000)
 ParOldGen       total 349696K, used 331263K [0x00000000c0000000, 0x00000000d5580000, 0x00000000eab00000)
  object space 349696K, 94% used [0x00000000c0000000,0x00000000d437fed0,0x00000000d5580000)
 Metaspace       used 6974K, capacity 7226K, committed 7296K, reserved 1056768K
  class space    used 781K, capacity 879K, committed 896K, reserved 1048576K
Event: 9.320 GC heap after
Heap after GC invocations=57 (full 26):
 PSYoungGen      total 327680K, used 192K [0x00000000eab00000, 0x0000000100000000, 0x0000000100000000)
  eden space 306176K, 0% used [0x00000000eab00000,0x00000000eab00000,0x00000000fd600000)
  from space 21504K, 0% used [0x00000000fd600000,0x00000000fd630000,0x00000000feb00000)
  to   space 21504K, 0% used [0x00000000feb00000,0x00000000feb00000,0x0000000100000000)
 ParOldGen       total 349696K, used 331263K [0x00000000c0000000, 0x00000000d5580000, 0x00000000eab00000)
  object space 349696K, 94% used [0x00000000c0000000,0x00000000d437fed0,0x00000000d5580000)
 Metaspace       used 6974K, capacity 7226K, committed 7296K, reserved 1056768K
  class space    used 781K, capacity 879K, committed 896K, reserved 1048576K
}
Event: 9.320 GC heap before
{Heap before GC invocations=58 (full 27):
 PSYoungGen      total 327680K, used 192K [0x00000000eab00000, 0x0000000100000000, 0x0000000100000000)
  eden space 306176K, 0% used [0x00000000eab00000,0x00000000eab00000,0x00000000fd600000)
  from space 21504K, 0% used [0x00000000fd600000,0x00000000fd630000,0x00000000feb00000)
  to   space 21504K, 0% used [0x00000000feb00000,0x00000000feb00000,0x0000000100000000)
 ParOldGen       total 349696K, used 331263K [0x00000000c0000000, 0x00000000d5580000, 0x00000000eab00000)
  object space 349696K, 94% used [0x00000000c0000000,0x00000000d437fed0,0x00000000d5580000)
 Metaspace       used 6974K, capacity 7226K, committed 7296K, reserved 1056768K
  class space    used 781K, capacity 879K, committed 896K, reserved 1048576K
Event: 9.727 GC heap after
Heap after GC invocations=58 (full 27):
 PSYoungGen      total 327680K, used 0K [0x00000000eab00000, 0x0000000100000000, 0x0000000100000000)
  eden space 306176K, 0% used [0x00000000eab00000,0x00000000eab00000,0x00000000fd600000)
  from space 21504K, 0% used [0x00000000fd600000,0x00000000fd600000,0x00000000feb00000)
  to   space 21504K, 0% used [0x00000000feb00000,0x00000000feb00000,0x0000000100000000)
 ParOldGen       total 349696K, used 331170K [0x00000000c0000000, 0x00000000d5580000, 0x00000000eab00000)
  object space 349696K, 94% used [0x00000000c0000000,0x00000000d4368890,0x00000000d5580000)
 Metaspace       used 6974K, capacity 7226K, committed 7296K, reserved 1056768K
  class space    used 781K, capacity 879K, committed 896K, reserved 1048576K
}
Event: 9.811 GC heap before
{Heap before GC invocations=59 (full 27):
 PSYoungGen      total 327680K, used 9355K [0x00000000eab00000, 0x0000000100000000, 0x0000000100000000)
  eden space 306176K, 3% used [0x00000000eab00000,0x00000000eb422c48,0x00000000fd600000)
  from space 21504K, 0% used [0x00000000fd600000,0x00000000fd600000,0x00000000feb00000)
  to   space 21504K, 0% used [0x00000000feb00000,0x00000000feb00000,0x0000000100000000)
 ParOldGen       total 349696K, used 331170K [0x00000000c0000000, 0x00000000d5580000, 0x00000000eab00000)
  object space 349696K, 94% used [0x00000000c0000000,0x00000000d4368890,0x00000000d5580000)
 Metaspace       used 7099K, capacity 7354K, committed 7552K, reserved 1056768K
  class space    used 781K, capacity 879K, committed 896K, reserved 1048576K
Event: 9.812 GC heap after
Heap after GC invocations=59 (full 27):
 PSYoungGen      total 327680K, used 64K [0x00000000eab00000, 0x0000000100000000, 0x0000000100000000)
  eden space 306176K, 0% used [0x00000000eab00000,0x00000000eab00000,0x00000000fd600000)
  from space 21504K, 0% used [0x00000000feb00000,0x00000000feb10000,0x0000000100000000)
  to   space 21504K, 0% used [0x00000000fd600000,0x00000000fd600000,0x00000000feb00000)
 ParOldGen       total 349696K, used 331178K [0x00000000c0000000, 0x00000000d5580000, 0x00000000eab00000)
  object space 349696K, 94% used [0x00000000c0000000,0x00000000d436a890,0x00000000d5580000)
 Metaspace       used 7099K, capacity 7354K, committed 7552K, reserved 1056768K
  class space    used 781K, capacity 879K, committed 896K, reserved 1048576K
}
Event: 9.812 GC heap before
{Heap before GC invocations=60 (full 28):
 PSYoungGen      total 327680K, used 64K [0x00000000eab00000, 0x0000000100000000, 0x0000000100000000)
  eden space 306176K, 0% used [0x00000000eab00000,0x00000000eab00000,0x00000000fd600000)
  from space 21504K, 0% used [0x00000000feb00000,0x00000000feb10000,0x0000000100000000)
  to   space 21504K, 0% used [0x00000000fd600000,0x00000000fd600000,0x00000000feb00000)
 ParOldGen       total 349696K, used 331178K [0x00000000c0000000, 0x00000000d5580000, 0x00000000eab00000)
  object space 349696K, 94% used [0x00000000c0000000,0x00000000d436a890,0x00000000d5580000)
 Metaspace       used 7099K, capacity 7354K, committed 7552K, reserved 1056768K
  class space    used 781K, capacity 879K, committed 896K, reserved 1048576K
Event: 10.014 GC heap after
Heap after GC invocations=60 (full 28):
 PSYoungGen      total 327680K, used 0K [0x00000000eab00000, 0x0000000100000000, 0x0000000100000000)
  eden space 306176K, 0% used [0x00000000eab00000,0x00000000eab00000,0x00000000fd600000)
  from space 21504K, 0% used [0x00000000feb00000,0x00000000feb00000,0x0000000100000000)
  to   space 21504K, 0% used [0x00000000fd600000,0x00000000fd600000,0x00000000feb00000)
 ParOldGen       total 349696K, used 331171K [0x00000000c0000000, 0x00000000d5580000, 0x00000000eab00000)
  object space 349696K, 94% used [0x00000000c0000000,0x00000000d4368f50,0x00000000d5580000)
 Metaspace       used 7099K, capacity 7354K, committed 7552K, reserved 1056768K
  class space    used 781K, capacity 879K, committed 896K, reserved 1048576K
}

